c:\aarmstrong\programming\scfusion\scfusion\vc_mswu\scfusion\application.obj
c:\aarmstrong\programming\scfusion\scfusion\vc_mswu\scfusion\gastringfitnesscalc.obj
c:\aarmstrong\programming\scfusion\scfusion\vc_mswu\scfusion\sc2event.obj
c:\aarmstrong\programming\scfusion\scfusion\vc_mswu\scfusion\sc2raceinfo.obj
c:\aarmstrong\programming\scfusion\scfusion\vc_mswu\scfusion\timetextctrl.obj
c:\aarmstrong\programming\scfusion\scfusion\vc_mswu\scfusion\fastrand.obj
c:\aarmstrong\programming\scfusion\scfusion\vc_mswu\scfusion\gapopulation.obj
c:\aarmstrong\programming\scfusion\scfusion\vc_mswu\scfusion\sc2building.obj
c:\aarmstrong\programming\scfusion\scfusion\vc_mswu\scfusion\sc2racedata.obj
c:\aarmstrong\programming\scfusion\scfusion\vc_mswu\scfusion\sc2version.obj
c:\aarmstrong\programming\scfusion\scfusion\vc_mswu\scfusion\memorypool.obj
c:\aarmstrong\programming\scfusion\scfusion\vc_mswu\scfusion\mdichild.obj
c:\aarmstrong\programming\scfusion\scfusion\vc_mswu\scfusion\sc2fitnesscalc.obj
c:\aarmstrong\programming\scfusion\scfusion\vc_mswu\scfusion\sc2target.obj
c:\aarmstrong\programming\scfusion\scfusion\vc_mswu\scfusion\faststring.obj
c:\aarmstrong\programming\scfusion\scfusion\vc_mswu\scfusion\vector.obj
c:\aarmstrong\programming\scfusion\scfusion\vc_mswu\scfusion\gamecalcs.obj
c:\aarmstrong\programming\scfusion\scfusion\vc_mswu\scfusion\sc2race.obj
c:\aarmstrong\programming\scfusion\scfusion\vc_mswu\scfusion\sc2waypoint.obj
c:\aarmstrong\programming\scfusion\scfusion\vc_mswu\scfusion\linkedlist.obj
c:\aarmstrong\programming\scfusion\scfusion\vc_mswu\scfusion\tokeniser.obj
c:\aarmstrong\programming\scfusion\scfusion\vc_mswu\scfusion\racechoicedlg.obj
c:\aarmstrong\programming\scfusion\scfusion\vc_mswu\scfusion\sc2output.obj
c:\aarmstrong\programming\scfusion\scfusion\vc_mswu\scfusion\sc2unit.obj
c:\aarmstrong\programming\scfusion\scfusion\vc_mswu\scfusion\hashfunction.obj
c:\aarmstrong\programming\scfusion\scfusion\vc_mswu\scfusion\threadpool.obj
c:\aarmstrong\programming\scfusion\scfusion\vc_mswu\scfusion\sc2engine.obj
c:\aarmstrong\programming\scfusion\scfusion\vc_mswu\scfusion\sc2requiredcommand.obj
c:\aarmstrong\programming\scfusion\scfusion\vc_mswu\scfusion\targetminmax.obj
c:\aarmstrong\programming\scfusion\scfusion\vc_mswu\scfusion\memorypoolmanager.obj
c:\aarmstrong\programming\scfusion\scfusion\vc_mswu\scfusion\gasequencechromosome.obj
c:\aarmstrong\programming\scfusion\scfusion\vc_mswu\scfusion\sc2command.obj
c:\aarmstrong\programming\scfusion\scfusion\vc_mswu\scfusion\sc2state.obj
c:\aarmstrong\programming\scfusion\scfusion\vc_mswu\scfusion\hashtable.obj
c:\aarmstrong\programming\scfusion\scfusion\vc_mswu\scfusion\gaconfiguration.obj
c:\aarmstrong\programming\scfusion\scfusion\vc_mswu\scfusion\mdiparent.obj
c:\aarmstrong\programming\scfusion\scfusion\vc_mswu\scfusion\sc2research.obj
c:\aarmstrong\programming\scfusion\scfusion\vc_mswu\scfusion\timevalidator.obj
c:\aarmstrong\programming\scfusion\scfusion\vc_mswu\scfusion.pdb
c:\programming\scfusion\scfusion\vc_mswu\scfusion\linkedlist.obj
c:\programming\scfusion\scfusion\vc_mswu\scfusion\threadpool.obj
c:\programming\scfusion\scfusion\vc_mswu\scfusion\gamecalcs.obj
c:\programming\scfusion\scfusion\vc_mswu\scfusion\sc2race.obj
c:\programming\scfusion\scfusion\vc_mswu\scfusion\sc2waypoint.obj
c:\programming\scfusion\scfusion\vc_mswu\scfusion\hashfunction.obj
c:\programming\scfusion\scfusion\vc_mswu\scfusion\tokeniser.obj
c:\programming\scfusion\scfusion\vc_mswu\scfusion\mdiparent.obj
c:\programming\scfusion\scfusion\vc_mswu\scfusion\sc2state.obj
c:\programming\scfusion\scfusion\vc_mswu\scfusion\hashtable.obj
c:\programming\scfusion\scfusion\vc_mswu\scfusion\gapopulation.obj
c:\programming\scfusion\scfusion\vc_mswu\scfusion\sc2building.obj
c:\programming\scfusion\scfusion\vc_mswu\scfusion\sc2racedata.obj
c:\programming\scfusion\scfusion\vc_mswu\scfusion\sc2version.obj
c:\programming\scfusion\scfusion\vc_mswu\scfusion\faststring.obj
c:\programming\scfusion\scfusion\vc_mswu\scfusion\gasequencechromosome.obj
c:\programming\scfusion\scfusion\vc_mswu\scfusion\sc2command.obj
c:\programming\scfusion\scfusion\vc_mswu\scfusion\sc2requiredcommand.obj
c:\programming\scfusion\scfusion\vc_mswu\scfusion\timevalidator.obj
c:\programming\scfusion\scfusion\vc_mswu\scfusion\application.obj
c:\programming\scfusion\scfusion\vc_mswu\scfusion\mdichild.obj
c:\programming\scfusion\scfusion\vc_mswu\scfusion\sc2fitnesscalc.obj
c:\programming\scfusion\scfusion\vc_mswu\scfusion\sc2target.obj
c:\programming\scfusion\scfusion\vc_mswu\scfusion\memorypool.obj
c:\programming\scfusion\scfusion\vc_mswu\scfusion\gastringfitnesscalc.obj
c:\programming\scfusion\scfusion\vc_mswu\scfusion\sc2event.obj
c:\programming\scfusion\scfusion\vc_mswu\scfusion\sc2raceinfo.obj
c:\programming\scfusion\scfusion\vc_mswu\scfusion\targetminmax.obj
c:\programming\scfusion\scfusion\vc_mswu\scfusion\fastrand.obj
c:\programming\scfusion\scfusion\vc_mswu\scfusion\vector.obj
c:\programming\scfusion\scfusion\vc_mswu\scfusion\racechoicedlg.obj
c:\programming\scfusion\scfusion\vc_mswu\scfusion\sc2output.obj
c:\programming\scfusion\scfusion\vc_mswu\scfusion\sc2unit.obj
c:\programming\scfusion\scfusion\vc_mswu\scfusion\memorypoolmanager.obj
c:\programming\scfusion\scfusion\vc_mswu\scfusion\gaconfiguration.obj
c:\programming\scfusion\scfusion\vc_mswu\scfusion\sc2engine.obj
c:\programming\scfusion\scfusion\vc_mswu\scfusion\sc2research.obj
c:\programming\scfusion\scfusion\vc_mswu\scfusion\timetextctrl.obj
c:\programming\scfusion\scfusion\vc_mswu\scfusion.pdb
c:\programming\scfusion\scfusion\vc_mswu\scfusion\sc2buildingstatus.obj
c:\aarmstrong\programming\scfusion\scfusion\vc_mswu\scfusion.exe
c:\aarmstrong\programming\scfusion\scfusion\vc_mswu\scfusion\scfusion.res
c:\programming\scfusion\scfusion\vc_mswu\scfusion\scfusion.res
c:\aarmstrong\programming\scfusion\scfusion\vc_mswu\scfusion\sc2buildingstatus.obj
c:\aarmstrong\programming\scfusion\scfusion\vc_mswu\scfusion\scfusion.tlog\cl.command.1.tlog
c:\aarmstrong\programming\scfusion\scfusion\vc_mswu\scfusion\scfusion.tlog\cl.read.1.tlog
c:\aarmstrong\programming\scfusion\scfusion\vc_mswu\scfusion\scfusion.tlog\cl.write.1.tlog
c:\aarmstrong\programming\scfusion\scfusion\vc_mswu\scfusion\scfusion.tlog\link.command.1.tlog
c:\aarmstrong\programming\scfusion\scfusion\vc_mswu\scfusion\scfusion.tlog\link.read.1.tlog
c:\aarmstrong\programming\scfusion\scfusion\vc_mswu\scfusion\scfusion.tlog\link.write.1.tlog
c:\aarmstrong\programming\scfusion\scfusion\vc_mswu\scfusion\scfusion.tlog\rc.command.1.tlog
c:\aarmstrong\programming\scfusion\scfusion\vc_mswu\scfusion\scfusion.tlog\rc.read.1.tlog
c:\aarmstrong\programming\scfusion\scfusion\vc_mswu\scfusion\scfusion.tlog\rc.write.1.tlog
