C:\PROGRAMMING\SCFUSION\SCFUSION\VC_MSWUD\SCFUSION.EXE
C:\PROGRAMMING\SCFUSION\SCFUSION\VC_MSWUD\SCFUSION.ILK
C:\PROGRAMMING\SCFUSION\SCFUSION\VC_MSWUD\SCFUSION.PDB
C:\PROGRAMMING\SCFUSION\SCFUSION\VC_MSWUD\SCFUSION\MDICHILD.OBJ
C:\PROGRAMMING\SCFUSION\SCFUSION\VC_MSWUD\SCFUSION\SC2COMMAND.OBJ
C:\PROGRAMMING\SCFUSION\SCFUSION\VC_MSWUD\SCFUSION\SC2STATE.OBJ
C:\PROGRAMMING\SCFUSION\SCFUSION\VC_MSWUD\SCFUSION\SCFUSION.EXE.EMBED.MANIFEST
C:\PROGRAMMING\SCFUSION\SCFUSION\VC_MSWUD\SCFUSION\SCFUSION.EXE.EMBED.MANIFEST.RES
C:\PROGRAMMING\SCFUSION\SCFUSION\VC_MSWUD\SCFUSION\SCFUSION.EXE.INTERMEDIATE.MANIFEST
C:\PROGRAMMING\SCFUSION\SCFUSION\VC_MSWUD\SCFUSION\SCFUSION.RES
D:\aarmstrong\Programming\SCFusion\SCFusion\vc_mswud\SCFusion.exe
D:\AARMSTRONG\PROGRAMMING\SCFUSION\SCFUSION\VC_MSWUD\SCFUSION.PDB
D:\aarmstrong\Programming\SCFusion\SCFusion\vc_mswud\SCFusion\Application.obj
D:\aarmstrong\Programming\SCFusion\SCFusion\vc_mswud\SCFusion\CL.11392.read.1.tlog
D:\aarmstrong\Programming\SCFusion\SCFusion\vc_mswud\SCFusion\CL.11392.write.1.tlog
D:\aarmstrong\Programming\SCFusion\SCFusion\vc_mswud\SCFusion\CL.11468.read.1.tlog
D:\aarmstrong\Programming\SCFusion\SCFusion\vc_mswud\SCFusion\CL.11468.write.1.tlog
D:\aarmstrong\Programming\SCFusion\SCFusion\vc_mswud\SCFusion\CL.11708.read.1.tlog
D:\aarmstrong\Programming\SCFusion\SCFusion\vc_mswud\SCFusion\CL.11708.write.1.tlog
D:\aarmstrong\Programming\SCFusion\SCFusion\vc_mswud\SCFusion\CL.13728.read.1.tlog
D:\aarmstrong\Programming\SCFusion\SCFusion\vc_mswud\SCFusion\CL.13728.write.1.tlog
D:\aarmstrong\Programming\SCFusion\SCFusion\vc_mswud\SCFusion\CL.14724.read.1.tlog
D:\aarmstrong\Programming\SCFusion\SCFusion\vc_mswud\SCFusion\CL.14724.write.1.tlog
D:\aarmstrong\Programming\SCFusion\SCFusion\vc_mswud\SCFusion\CL.14736.read.1.tlog
D:\aarmstrong\Programming\SCFusion\SCFusion\vc_mswud\SCFusion\CL.14736.write.1.tlog
D:\aarmstrong\Programming\SCFusion\SCFusion\vc_mswud\SCFusion\CL.14832.read.1.tlog
D:\aarmstrong\Programming\SCFusion\SCFusion\vc_mswud\SCFusion\CL.14832.write.1.tlog
D:\aarmstrong\Programming\SCFusion\SCFusion\vc_mswud\SCFusion\CL.15048.read.1.tlog
D:\aarmstrong\Programming\SCFusion\SCFusion\vc_mswud\SCFusion\CL.15048.write.1.tlog
D:\aarmstrong\Programming\SCFusion\SCFusion\vc_mswud\SCFusion\CL.17536.read.1.tlog
D:\aarmstrong\Programming\SCFusion\SCFusion\vc_mswud\SCFusion\CL.17536.write.1.tlog
D:\aarmstrong\Programming\SCFusion\SCFusion\vc_mswud\SCFusion\CL.17624.read.1.tlog
D:\aarmstrong\Programming\SCFusion\SCFusion\vc_mswud\SCFusion\CL.17624.write.1.tlog
D:\aarmstrong\Programming\SCFusion\SCFusion\vc_mswud\SCFusion\CL.18144.read.1.tlog
D:\aarmstrong\Programming\SCFusion\SCFusion\vc_mswud\SCFusion\CL.18144.write.1.tlog
D:\aarmstrong\Programming\SCFusion\SCFusion\vc_mswud\SCFusion\CL.18860.read.1.tlog
D:\aarmstrong\Programming\SCFusion\SCFusion\vc_mswud\SCFusion\CL.18860.write.1.tlog
D:\aarmstrong\Programming\SCFusion\SCFusion\vc_mswud\SCFusion\CL.19640.read.1.tlog
D:\aarmstrong\Programming\SCFusion\SCFusion\vc_mswud\SCFusion\CL.19640.write.1.tlog
D:\aarmstrong\Programming\SCFusion\SCFusion\vc_mswud\SCFusion\CL.3840.read.1.tlog
D:\aarmstrong\Programming\SCFusion\SCFusion\vc_mswud\SCFusion\CL.3840.write.1.tlog
D:\aarmstrong\Programming\SCFusion\SCFusion\vc_mswud\SCFusion\CL.4056.read.1.tlog
D:\aarmstrong\Programming\SCFusion\SCFusion\vc_mswud\SCFusion\CL.4056.write.1.tlog
D:\aarmstrong\Programming\SCFusion\SCFusion\vc_mswud\SCFusion\CL.6368.read.1.tlog
D:\aarmstrong\Programming\SCFusion\SCFusion\vc_mswud\SCFusion\CL.6368.write.1.tlog
D:\aarmstrong\Programming\SCFusion\SCFusion\vc_mswud\SCFusion\CL.6716.read.1.tlog
D:\aarmstrong\Programming\SCFusion\SCFusion\vc_mswud\SCFusion\CL.6716.write.1.tlog
D:\aarmstrong\Programming\SCFusion\SCFusion\vc_mswud\SCFusion\CL.8980.read.1.tlog
D:\aarmstrong\Programming\SCFusion\SCFusion\vc_mswud\SCFusion\CL.8980.write.1.tlog
D:\aarmstrong\Programming\SCFusion\SCFusion\vc_mswud\SCFusion\cl.command.1.tlog
D:\aarmstrong\Programming\SCFusion\SCFusion\vc_mswud\SCFusion\CL.read.1.tlog
D:\aarmstrong\Programming\SCFusion\SCFusion\vc_mswud\SCFusion\cl.write.1.tlog
D:\aarmstrong\Programming\SCFusion\SCFusion\vc_mswud\SCFusion\FastRand.obj
D:\aarmstrong\Programming\SCFusion\SCFusion\vc_mswud\SCFusion\FastString.obj
D:\aarmstrong\Programming\SCFusion\SCFusion\vc_mswud\SCFusion\GAConfiguration.obj
D:\aarmstrong\Programming\SCFusion\SCFusion\vc_mswud\SCFusion\GameCalcs.obj
D:\aarmstrong\Programming\SCFusion\SCFusion\vc_mswud\SCFusion\GAPopulation.obj
D:\aarmstrong\Programming\SCFusion\SCFusion\vc_mswud\SCFusion\GASequenceChromosome.obj
D:\aarmstrong\Programming\SCFusion\SCFusion\vc_mswud\SCFusion\GAStringFitnessCalc.obj
D:\aarmstrong\Programming\SCFusion\SCFusion\vc_mswud\SCFusion\HashFunction.obj
D:\aarmstrong\Programming\SCFusion\SCFusion\vc_mswud\SCFusion\Hashtable.obj
D:\aarmstrong\Programming\SCFusion\SCFusion\vc_mswud\SCFusion\link.command.1.tlog
D:\aarmstrong\Programming\SCFusion\SCFusion\vc_mswud\SCFusion\link.read.1.tlog
D:\aarmstrong\Programming\SCFusion\SCFusion\vc_mswud\SCFusion\link.write.1.tlog
D:\aarmstrong\Programming\SCFusion\SCFusion\vc_mswud\SCFusion\link-cvtres.read.1.tlog
D:\aarmstrong\Programming\SCFusion\SCFusion\vc_mswud\SCFusion\link-cvtres.write.1.tlog
D:\aarmstrong\Programming\SCFusion\SCFusion\vc_mswud\SCFusion\LinkedList.obj
D:\aarmstrong\Programming\SCFusion\SCFusion\vc_mswud\SCFusion\MDIChild.obj
D:\aarmstrong\Programming\SCFusion\SCFusion\vc_mswud\SCFusion\MDIParent.obj
D:\aarmstrong\Programming\SCFusion\SCFusion\vc_mswud\SCFusion\MemoryPool.obj
D:\aarmstrong\Programming\SCFusion\SCFusion\vc_mswud\SCFusion\MemoryPoolManager.obj
D:\aarmstrong\Programming\SCFusion\SCFusion\vc_mswud\SCFusion\mt.command.1.tlog
D:\aarmstrong\Programming\SCFusion\SCFusion\vc_mswud\SCFusion\mt.read.1.tlog
D:\aarmstrong\Programming\SCFusion\SCFusion\vc_mswud\SCFusion\mt.write.1.tlog
D:\aarmstrong\Programming\SCFusion\SCFusion\vc_mswud\SCFusion\RaceChoiceDlg.obj
D:\aarmstrong\Programming\SCFusion\SCFusion\vc_mswud\SCFusion\rc.command.1.tlog
D:\aarmstrong\Programming\SCFusion\SCFusion\vc_mswud\SCFusion\rc.read.1.tlog
D:\aarmstrong\Programming\SCFusion\SCFusion\vc_mswud\SCFusion\rc.write.1.tlog
D:\aarmstrong\Programming\SCFusion\SCFusion\vc_mswud\SCFusion\SC2Building.obj
D:\aarmstrong\Programming\SCFusion\SCFusion\vc_mswud\SCFusion\SC2Command.obj
D:\aarmstrong\Programming\SCFusion\SCFusion\vc_mswud\SCFusion\SC2Engine.obj
D:\aarmstrong\Programming\SCFusion\SCFusion\vc_mswud\SCFusion\SC2Event.obj
D:\aarmstrong\Programming\SCFusion\SCFusion\vc_mswud\SCFusion\SC2FitnessCalc.obj
D:\aarmstrong\Programming\SCFusion\SCFusion\vc_mswud\SCFusion\SC2Output.obj
D:\aarmstrong\Programming\SCFusion\SCFusion\vc_mswud\SCFusion\SC2Race.obj
D:\aarmstrong\Programming\SCFusion\SCFusion\vc_mswud\SCFusion\SC2RaceData.obj
D:\aarmstrong\Programming\SCFusion\SCFusion\vc_mswud\SCFusion\SC2RaceInfo.obj
D:\aarmstrong\Programming\SCFusion\SCFusion\vc_mswud\SCFusion\SC2RequiredCommand.obj
D:\aarmstrong\Programming\SCFusion\SCFusion\vc_mswud\SCFusion\SC2Research.obj
D:\aarmstrong\Programming\SCFusion\SCFusion\vc_mswud\SCFusion\SC2State.obj
D:\aarmstrong\Programming\SCFusion\SCFusion\vc_mswud\SCFusion\SC2Target.obj
D:\aarmstrong\Programming\SCFusion\SCFusion\vc_mswud\SCFusion\SC2Unit.obj
D:\aarmstrong\Programming\SCFusion\SCFusion\vc_mswud\SCFusion\SC2Version.obj
D:\aarmstrong\Programming\SCFusion\SCFusion\vc_mswud\SCFusion\SC2Waypoint.obj
D:\aarmstrong\Programming\SCFusion\SCFusion\vc_mswud\SCFusion\SCFusion.exe.embed.manifest
D:\aarmstrong\Programming\SCFusion\SCFusion\vc_mswud\SCFusion\SCFusion.exe.embed.manifest.res
D:\aarmstrong\Programming\SCFusion\SCFusion\vc_mswud\SCFusion\SCFusion.exe.intermediate.manifest
D:\aarmstrong\Programming\SCFusion\SCFusion\vc_mswud\SCFusion\SCFusion.res
D:\aarmstrong\Programming\SCFusion\SCFusion\vc_mswud\SCFusion\SCFusion.write.1.tlog
D:\aarmstrong\Programming\SCFusion\SCFusion\vc_mswud\SCFusion\SCFusion_manifest.rc
D:\aarmstrong\Programming\SCFusion\SCFusion\vc_mswud\SCFusion\SCFusion_vc10.vcxprojResolveAssemblyReference.cache
D:\aarmstrong\Programming\SCFusion\SCFusion\vc_mswud\SCFusion\TargetMinMax.obj
D:\aarmstrong\Programming\SCFusion\SCFusion\vc_mswud\SCFusion\ThreadPool.obj
D:\aarmstrong\Programming\SCFusion\SCFusion\vc_mswud\SCFusion\TimeTextCtrl.obj
D:\aarmstrong\Programming\SCFusion\SCFusion\vc_mswud\SCFusion\TimeValidator.obj
D:\aarmstrong\Programming\SCFusion\SCFusion\vc_mswud\SCFusion\Tokeniser.obj
D:\aarmstrong\Programming\SCFusion\SCFusion\vc_mswud\SCFusion\Vector.obj
vc_mswud\SCFusion.ilk
vc_mswud\SCFusion.pdb
